2025-05-07 17:27:30,099 - NEATTraining - INFO - Starting NEAT agent training
2025-05-07 17:27:30,103 - NEATTraining - INFO - Environment: CartPole-v1
2025-05-07 17:27:30,103 - NEATTraining - INFO - State space: Box([-4.8               -inf -0.41887903        -inf], [4.8               inf 0.41887903        inf], (4,), float32)
2025-05-07 17:27:30,103 - NEATTraining - INFO - Action space: Discrete(2)
2025-05-07 17:27:30,141 - NEATTraining - INFO - Generation 0: Average Return = 16.70, Best Return = 94.00
2025-05-07 17:28:06,328 - NEATTraining - INFO - Starting NEAT agent training
2025-05-07 17:28:06,332 - NEATTraining - INFO - Environment: CartPole-v1
2025-05-07 17:28:06,332 - NEATTraining - INFO - State space: Box([-4.8               -inf -0.41887903        -inf], [4.8               inf 0.41887903        inf], (4,), float32)
2025-05-07 17:28:06,332 - NEATTraining - INFO - Action space: Discrete(2)
2025-05-07 17:28:06,374 - NEATTraining - INFO - Generation 0: Average Return = 20.68, Best Return = 207.00
2025-05-07 17:28:06,440 - NEATTraining - INFO - Generation 1: Average Return = 21.20, Best Return = 232.00
2025-05-07 17:28:06,505 - NEATTraining - INFO - Generation 2: Average Return = 21.16, Best Return = 246.00
2025-05-07 17:28:06,557 - NEATTraining - INFO - Generation 3: Average Return = 20.92, Best Return = 246.00
2025-05-07 17:28:06,608 - NEATTraining - INFO - Generation 4: Average Return = 19.48, Best Return = 246.00
2025-05-07 17:28:06,661 - NEATTraining - INFO - Generation 5: Average Return = 21.12, Best Return = 260.00
2025-05-07 17:28:06,717 - NEATTraining - INFO - Generation 6: Average Return = 23.00, Best Return = 260.00
2025-05-07 17:28:06,770 - NEATTraining - INFO - Generation 7: Average Return = 20.84, Best Return = 260.00
2025-05-07 17:28:06,820 - NEATTraining - INFO - Generation 8: Average Return = 19.08, Best Return = 260.00
2025-05-07 17:28:06,874 - NEATTraining - INFO - Generation 9: Average Return = 21.06, Best Return = 260.00
2025-05-07 17:28:06,931 - NEATTraining - INFO - Generation 10: Average Return = 19.72, Best Return = 260.00
2025-05-07 17:28:06,980 - NEATTraining - INFO - Generation 11: Average Return = 18.38, Best Return = 260.00
2025-05-07 17:28:07,037 - NEATTraining - INFO - Generation 12: Average Return = 21.06, Best Return = 260.00
2025-05-07 17:28:07,087 - NEATTraining - INFO - Generation 13: Average Return = 20.08, Best Return = 260.00
2025-05-07 17:28:07,141 - NEATTraining - INFO - Generation 14: Average Return = 19.34, Best Return = 260.00
2025-05-07 17:28:07,200 - NEATTraining - INFO - Generation 15: Average Return = 27.08, Best Return = 500.00
2025-05-07 17:28:07,262 - NEATTraining - INFO - Generation 16: Average Return = 19.30, Best Return = 500.00
2025-05-07 17:28:07,317 - NEATTraining - INFO - Generation 17: Average Return = 21.58, Best Return = 500.00
2025-05-07 17:28:07,377 - NEATTraining - INFO - Generation 18: Average Return = 27.32, Best Return = 500.00
2025-05-07 17:28:07,427 - NEATTraining - INFO - Generation 19: Average Return = 19.48, Best Return = 500.00
2025-05-07 17:28:07,479 - NEATTraining - INFO - Generation 20: Average Return = 21.06, Best Return = 500.00
2025-05-07 17:28:07,533 - NEATTraining - INFO - Generation 21: Average Return = 22.66, Best Return = 500.00
2025-05-07 17:28:07,584 - NEATTraining - INFO - Generation 22: Average Return = 18.96, Best Return = 500.00
2025-05-07 17:28:07,634 - NEATTraining - INFO - Generation 23: Average Return = 20.16, Best Return = 500.00
2025-05-07 17:28:07,687 - NEATTraining - INFO - Generation 24: Average Return = 21.88, Best Return = 500.00
2025-05-07 17:28:07,745 - NEATTraining - INFO - Generation 25: Average Return = 27.66, Best Return = 500.00
2025-05-07 17:28:07,797 - NEATTraining - INFO - Generation 26: Average Return = 19.56, Best Return = 500.00
2025-05-07 17:28:07,848 - NEATTraining - INFO - Generation 27: Average Return = 20.02, Best Return = 500.00
2025-05-07 17:28:07,899 - NEATTraining - INFO - Generation 28: Average Return = 20.22, Best Return = 500.00
2025-05-07 17:28:07,950 - NEATTraining - INFO - Generation 29: Average Return = 19.36, Best Return = 500.00
2025-05-07 17:28:08,000 - NEATTraining - INFO - Generation 30: Average Return = 18.90, Best Return = 500.00
2025-05-07 17:28:08,051 - NEATTraining - INFO - Generation 31: Average Return = 20.06, Best Return = 500.00
2025-05-07 17:28:08,111 - NEATTraining - INFO - Generation 32: Average Return = 19.82, Best Return = 500.00
2025-05-07 17:28:08,161 - NEATTraining - INFO - Generation 33: Average Return = 18.56, Best Return = 500.00
2025-05-07 17:28:08,215 - NEATTraining - INFO - Generation 34: Average Return = 21.42, Best Return = 500.00
2025-05-07 17:28:08,268 - NEATTraining - INFO - Generation 35: Average Return = 18.58, Best Return = 500.00
2025-05-07 17:28:08,323 - NEATTraining - INFO - Generation 36: Average Return = 19.26, Best Return = 500.00
2025-05-07 17:28:08,373 - NEATTraining - INFO - Generation 37: Average Return = 19.76, Best Return = 500.00
2025-05-07 17:28:08,427 - NEATTraining - INFO - Generation 38: Average Return = 19.40, Best Return = 500.00
2025-05-07 17:28:08,487 - NEATTraining - INFO - Generation 39: Average Return = 20.24, Best Return = 500.00
2025-05-07 17:28:08,550 - NEATTraining - INFO - Generation 40: Average Return = 20.14, Best Return = 500.00
2025-05-07 17:28:08,603 - NEATTraining - INFO - Generation 41: Average Return = 20.22, Best Return = 500.00
2025-05-07 17:28:08,666 - NEATTraining - INFO - Generation 42: Average Return = 28.48, Best Return = 500.00
2025-05-07 17:28:08,714 - NEATTraining - INFO - Generation 43: Average Return = 18.86, Best Return = 500.00
2025-05-07 17:28:08,766 - NEATTraining - INFO - Generation 44: Average Return = 19.24, Best Return = 500.00
2025-05-07 17:28:08,816 - NEATTraining - INFO - Generation 45: Average Return = 20.26, Best Return = 500.00
2025-05-07 17:28:08,865 - NEATTraining - INFO - Generation 46: Average Return = 19.82, Best Return = 500.00
2025-05-07 17:28:08,913 - NEATTraining - INFO - Generation 47: Average Return = 19.00, Best Return = 500.00
2025-05-07 17:28:08,966 - NEATTraining - INFO - Generation 48: Average Return = 19.28, Best Return = 500.00
2025-05-07 17:28:09,027 - NEATTraining - INFO - Generation 49: Average Return = 28.44, Best Return = 500.00
2025-05-07 17:28:09,079 - NEATTraining - INFO - Generation 50: Average Return = 20.62, Best Return = 500.00
2025-05-07 17:28:09,137 - NEATTraining - INFO - Generation 51: Average Return = 26.66, Best Return = 500.00
2025-05-07 17:28:09,197 - NEATTraining - INFO - Generation 52: Average Return = 20.56, Best Return = 500.00
2025-05-07 17:28:09,253 - NEATTraining - INFO - Generation 53: Average Return = 19.40, Best Return = 500.00
2025-05-07 17:28:09,307 - NEATTraining - INFO - Generation 54: Average Return = 20.70, Best Return = 500.00
2025-05-07 17:28:09,357 - NEATTraining - INFO - Generation 55: Average Return = 19.84, Best Return = 500.00
2025-05-07 17:28:09,409 - NEATTraining - INFO - Generation 56: Average Return = 20.54, Best Return = 500.00
2025-05-07 17:28:09,460 - NEATTraining - INFO - Generation 57: Average Return = 18.86, Best Return = 500.00
2025-05-07 17:28:09,507 - NEATTraining - INFO - Generation 58: Average Return = 18.02, Best Return = 500.00
2025-05-07 17:28:09,566 - NEATTraining - INFO - Generation 59: Average Return = 20.48, Best Return = 500.00
2025-05-07 17:28:09,616 - NEATTraining - INFO - Generation 60: Average Return = 19.72, Best Return = 500.00
2025-05-07 17:28:09,667 - NEATTraining - INFO - Generation 61: Average Return = 19.10, Best Return = 500.00
2025-05-07 17:28:09,718 - NEATTraining - INFO - Generation 62: Average Return = 20.80, Best Return = 500.00
2025-05-07 17:28:09,779 - NEATTraining - INFO - Generation 63: Average Return = 19.42, Best Return = 500.00
2025-05-07 17:28:09,829 - NEATTraining - INFO - Generation 64: Average Return = 19.72, Best Return = 500.00
2025-05-07 17:28:09,888 - NEATTraining - INFO - Generation 65: Average Return = 26.98, Best Return = 500.00
2025-05-07 17:28:09,938 - NEATTraining - INFO - Generation 66: Average Return = 18.98, Best Return = 500.00
2025-05-07 17:28:09,990 - NEATTraining - INFO - Generation 67: Average Return = 21.50, Best Return = 500.00
2025-05-07 17:28:10,051 - NEATTraining - INFO - Generation 68: Average Return = 27.10, Best Return = 500.00
2025-05-07 17:28:10,120 - NEATTraining - INFO - Generation 69: Average Return = 27.16, Best Return = 500.00
2025-05-07 17:28:10,170 - NEATTraining - INFO - Generation 70: Average Return = 18.24, Best Return = 500.00
2025-05-07 17:28:10,223 - NEATTraining - INFO - Generation 71: Average Return = 19.84, Best Return = 500.00
2025-05-07 17:28:10,272 - NEATTraining - INFO - Generation 72: Average Return = 19.14, Best Return = 500.00
2025-05-07 17:28:10,325 - NEATTraining - INFO - Generation 73: Average Return = 20.40, Best Return = 500.00
2025-05-07 17:28:10,374 - NEATTraining - INFO - Generation 74: Average Return = 19.38, Best Return = 500.00
2025-05-07 17:28:10,432 - NEATTraining - INFO - Generation 75: Average Return = 26.78, Best Return = 500.00
2025-05-07 17:28:10,488 - NEATTraining - INFO - Generation 76: Average Return = 19.68, Best Return = 500.00
2025-05-07 17:28:10,541 - NEATTraining - INFO - Generation 77: Average Return = 19.82, Best Return = 500.00
2025-05-07 17:28:10,591 - NEATTraining - INFO - Generation 78: Average Return = 19.02, Best Return = 500.00
2025-05-07 17:28:10,644 - NEATTraining - INFO - Generation 79: Average Return = 20.66, Best Return = 500.00
2025-05-07 17:28:10,693 - NEATTraining - INFO - Generation 80: Average Return = 19.92, Best Return = 500.00
2025-05-07 17:28:10,743 - NEATTraining - INFO - Generation 81: Average Return = 19.24, Best Return = 500.00
2025-05-07 17:28:10,792 - NEATTraining - INFO - Generation 82: Average Return = 19.18, Best Return = 500.00
2025-05-07 17:28:10,844 - NEATTraining - INFO - Generation 83: Average Return = 19.24, Best Return = 500.00
2025-05-07 17:28:10,899 - NEATTraining - INFO - Generation 84: Average Return = 19.40, Best Return = 500.00
2025-05-07 17:28:10,949 - NEATTraining - INFO - Generation 85: Average Return = 20.12, Best Return = 500.00
2025-05-07 17:28:11,000 - NEATTraining - INFO - Generation 86: Average Return = 19.86, Best Return = 500.00
2025-05-07 17:28:11,054 - NEATTraining - INFO - Generation 87: Average Return = 20.86, Best Return = 500.00
2025-05-07 17:28:11,107 - NEATTraining - INFO - Generation 88: Average Return = 20.18, Best Return = 500.00
2025-05-07 17:28:11,161 - NEATTraining - INFO - Generation 89: Average Return = 19.76, Best Return = 500.00
2025-05-07 17:28:11,220 - NEATTraining - INFO - Generation 90: Average Return = 19.24, Best Return = 500.00
2025-05-07 17:28:11,270 - NEATTraining - INFO - Generation 91: Average Return = 19.32, Best Return = 500.00
2025-05-07 17:28:11,324 - NEATTraining - INFO - Generation 92: Average Return = 23.52, Best Return = 500.00
2025-05-07 17:28:11,373 - NEATTraining - INFO - Generation 93: Average Return = 19.18, Best Return = 500.00
2025-05-07 17:28:11,424 - NEATTraining - INFO - Generation 94: Average Return = 19.50, Best Return = 500.00
2025-05-07 17:28:11,493 - NEATTraining - INFO - Generation 95: Average Return = 27.58, Best Return = 500.00
2025-05-07 17:28:11,550 - NEATTraining - INFO - Generation 96: Average Return = 18.84, Best Return = 500.00
2025-05-07 17:28:11,602 - NEATTraining - INFO - Generation 97: Average Return = 20.46, Best Return = 500.00
2025-05-07 17:28:11,670 - NEATTraining - INFO - Generation 98: Average Return = 26.34, Best Return = 500.00
2025-05-07 17:28:11,719 - NEATTraining - INFO - Generation 99: Average Return = 19.54, Best Return = 500.00
2025-05-07 17:28:11,778 - NEATTraining - INFO - Generation 100: Average Return = 20.30, Best Return = 500.00
2025-05-07 17:28:11,827 - NEATTraining - INFO - Generation 101: Average Return = 18.08, Best Return = 500.00
2025-05-07 17:28:11,888 - NEATTraining - INFO - Generation 102: Average Return = 27.44, Best Return = 500.00
2025-05-07 17:28:11,945 - NEATTraining - INFO - Generation 103: Average Return = 24.96, Best Return = 500.00
2025-05-07 17:28:12,160 - NEATTraining - INFO - Generation 104: Average Return = 28.18, Best Return = 500.00
2025-05-07 17:28:12,210 - NEATTraining - INFO - Generation 105: Average Return = 18.22, Best Return = 500.00
2025-05-07 17:28:12,267 - NEATTraining - INFO - Generation 106: Average Return = 19.60, Best Return = 500.00
2025-05-07 17:28:12,319 - NEATTraining - INFO - Generation 107: Average Return = 19.02, Best Return = 500.00
2025-05-07 17:28:12,372 - NEATTraining - INFO - Generation 108: Average Return = 19.34, Best Return = 500.00
2025-05-07 17:28:12,422 - NEATTraining - INFO - Generation 109: Average Return = 19.88, Best Return = 500.00
2025-05-07 17:28:12,471 - NEATTraining - INFO - Generation 110: Average Return = 18.54, Best Return = 500.00
2025-05-07 17:28:12,521 - NEATTraining - INFO - Generation 111: Average Return = 19.38, Best Return = 500.00
2025-05-07 17:28:12,572 - NEATTraining - INFO - Generation 112: Average Return = 19.96, Best Return = 500.00
2025-05-07 17:28:12,622 - NEATTraining - INFO - Generation 113: Average Return = 20.54, Best Return = 500.00
2025-05-07 17:28:12,675 - NEATTraining - INFO - Generation 114: Average Return = 21.78, Best Return = 500.00
2025-05-07 17:28:12,734 - NEATTraining - INFO - Generation 115: Average Return = 26.84, Best Return = 500.00
2025-05-07 17:28:12,788 - NEATTraining - INFO - Generation 116: Average Return = 21.50, Best Return = 500.00
2025-05-07 17:28:12,841 - NEATTraining - INFO - Generation 117: Average Return = 20.82, Best Return = 500.00
2025-05-07 17:28:12,891 - NEATTraining - INFO - Generation 118: Average Return = 19.26, Best Return = 500.00
2025-05-07 17:28:12,941 - NEATTraining - INFO - Generation 119: Average Return = 19.82, Best Return = 500.00
2025-05-07 17:28:12,991 - NEATTraining - INFO - Generation 120: Average Return = 20.74, Best Return = 500.00
2025-05-07 17:28:13,041 - NEATTraining - INFO - Generation 121: Average Return = 19.68, Best Return = 500.00
2025-05-07 17:28:13,089 - NEATTraining - INFO - Generation 122: Average Return = 18.16, Best Return = 500.00
2025-05-07 17:28:13,137 - NEATTraining - INFO - Generation 123: Average Return = 17.70, Best Return = 500.00
2025-05-07 17:28:13,198 - NEATTraining - INFO - Generation 124: Average Return = 19.62, Best Return = 500.00
2025-05-07 17:28:13,255 - NEATTraining - INFO - Generation 125: Average Return = 18.56, Best Return = 500.00
2025-05-07 17:28:13,305 - NEATTraining - INFO - Generation 126: Average Return = 18.50, Best Return = 500.00
2025-05-07 17:28:13,356 - NEATTraining - INFO - Generation 127: Average Return = 20.66, Best Return = 500.00
2025-05-07 17:28:13,405 - NEATTraining - INFO - Generation 128: Average Return = 19.42, Best Return = 500.00
2025-05-07 17:28:13,468 - NEATTraining - INFO - Generation 129: Average Return = 29.02, Best Return = 500.00
2025-05-07 17:28:13,529 - NEATTraining - INFO - Generation 130: Average Return = 26.24, Best Return = 500.00
2025-05-07 17:28:13,577 - NEATTraining - INFO - Generation 131: Average Return = 18.84, Best Return = 500.00
2025-05-07 17:28:13,628 - NEATTraining - INFO - Generation 132: Average Return = 19.96, Best Return = 500.00
2025-05-07 17:28:13,688 - NEATTraining - INFO - Generation 133: Average Return = 19.76, Best Return = 500.00
2025-05-07 17:28:13,740 - NEATTraining - INFO - Generation 134: Average Return = 20.06, Best Return = 500.00
2025-05-07 17:28:13,788 - NEATTraining - INFO - Generation 135: Average Return = 17.84, Best Return = 500.00
2025-05-07 17:28:13,839 - NEATTraining - INFO - Generation 136: Average Return = 19.66, Best Return = 500.00
2025-05-07 17:28:13,891 - NEATTraining - INFO - Generation 137: Average Return = 20.06, Best Return = 500.00
2025-05-07 17:28:13,951 - NEATTraining - INFO - Generation 138: Average Return = 25.66, Best Return = 500.00
2025-05-07 17:28:14,002 - NEATTraining - INFO - Generation 139: Average Return = 19.38, Best Return = 500.00
2025-05-07 17:28:14,054 - NEATTraining - INFO - Generation 140: Average Return = 19.42, Best Return = 500.00
2025-05-07 17:28:14,105 - NEATTraining - INFO - Generation 141: Average Return = 19.70, Best Return = 500.00
2025-05-07 17:28:14,164 - NEATTraining - INFO - Generation 142: Average Return = 19.54, Best Return = 500.00
2025-05-07 17:28:14,216 - NEATTraining - INFO - Generation 143: Average Return = 19.58, Best Return = 500.00
2025-05-07 17:28:14,279 - NEATTraining - INFO - Generation 144: Average Return = 27.44, Best Return = 500.00
2025-05-07 17:28:14,330 - NEATTraining - INFO - Generation 145: Average Return = 19.28, Best Return = 500.00
2025-05-07 17:28:14,379 - NEATTraining - INFO - Generation 146: Average Return = 19.88, Best Return = 500.00
2025-05-07 17:28:14,434 - NEATTraining - INFO - Generation 147: Average Return = 19.32, Best Return = 500.00
2025-05-07 17:28:14,485 - NEATTraining - INFO - Generation 148: Average Return = 19.22, Best Return = 500.00
2025-05-07 17:28:14,539 - NEATTraining - INFO - Generation 149: Average Return = 19.20, Best Return = 500.00
2025-05-07 17:28:14,589 - NEATTraining - INFO - Generation 150: Average Return = 18.26, Best Return = 500.00
2025-05-07 17:28:14,639 - NEATTraining - INFO - Generation 151: Average Return = 18.72, Best Return = 500.00
2025-05-07 17:28:14,689 - NEATTraining - INFO - Generation 152: Average Return = 18.48, Best Return = 500.00
2025-05-07 17:28:14,739 - NEATTraining - INFO - Generation 153: Average Return = 18.78, Best Return = 500.00
2025-05-07 17:28:14,788 - NEATTraining - INFO - Generation 154: Average Return = 18.62, Best Return = 500.00
2025-05-07 17:28:14,839 - NEATTraining - INFO - Generation 155: Average Return = 20.04, Best Return = 500.00
2025-05-07 17:28:14,891 - NEATTraining - INFO - Generation 156: Average Return = 19.48, Best Return = 500.00
2025-05-07 17:28:14,943 - NEATTraining - INFO - Generation 157: Average Return = 19.26, Best Return = 500.00
2025-05-07 17:28:14,992 - NEATTraining - INFO - Generation 158: Average Return = 19.86, Best Return = 500.00
2025-05-07 17:28:15,041 - NEATTraining - INFO - Generation 159: Average Return = 18.20, Best Return = 500.00
2025-05-07 17:28:15,092 - NEATTraining - INFO - Generation 160: Average Return = 20.82, Best Return = 500.00
2025-05-07 17:28:15,142 - NEATTraining - INFO - Generation 161: Average Return = 19.06, Best Return = 500.00
2025-05-07 17:28:15,197 - NEATTraining - INFO - Generation 162: Average Return = 20.26, Best Return = 500.00
2025-05-07 17:28:15,252 - NEATTraining - INFO - Generation 163: Average Return = 18.72, Best Return = 500.00
2025-05-07 17:28:15,316 - NEATTraining - INFO - Generation 164: Average Return = 21.82, Best Return = 500.00
2025-05-07 17:28:15,377 - NEATTraining - INFO - Generation 165: Average Return = 19.62, Best Return = 500.00
2025-05-07 17:28:15,433 - NEATTraining - INFO - Generation 166: Average Return = 25.34, Best Return = 500.00
2025-05-07 17:28:15,485 - NEATTraining - INFO - Generation 167: Average Return = 20.10, Best Return = 500.00
2025-05-07 17:28:15,545 - NEATTraining - INFO - Generation 168: Average Return = 18.70, Best Return = 500.00
2025-05-07 17:28:15,596 - NEATTraining - INFO - Generation 169: Average Return = 19.32, Best Return = 500.00
2025-05-07 17:28:15,656 - NEATTraining - INFO - Generation 170: Average Return = 20.70, Best Return = 500.00
2025-05-07 17:28:15,715 - NEATTraining - INFO - Generation 171: Average Return = 27.16, Best Return = 500.00
2025-05-07 17:28:15,763 - NEATTraining - INFO - Generation 172: Average Return = 18.28, Best Return = 500.00
2025-05-07 17:28:15,812 - NEATTraining - INFO - Generation 173: Average Return = 18.94, Best Return = 500.00
2025-05-07 17:28:15,860 - NEATTraining - INFO - Generation 174: Average Return = 20.00, Best Return = 500.00
2025-05-07 17:28:15,916 - NEATTraining - INFO - Generation 175: Average Return = 19.36, Best Return = 500.00
2025-05-07 17:28:15,976 - NEATTraining - INFO - Generation 176: Average Return = 18.34, Best Return = 500.00
2025-05-07 17:28:16,029 - NEATTraining - INFO - Generation 177: Average Return = 21.38, Best Return = 500.00
2025-05-07 17:28:16,086 - NEATTraining - INFO - Generation 178: Average Return = 23.44, Best Return = 500.00
2025-05-07 17:28:16,136 - NEATTraining - INFO - Generation 179: Average Return = 20.24, Best Return = 500.00
2025-05-07 17:28:16,187 - NEATTraining - INFO - Generation 180: Average Return = 19.80, Best Return = 500.00
2025-05-07 17:28:16,238 - NEATTraining - INFO - Generation 181: Average Return = 20.78, Best Return = 500.00
2025-05-07 17:28:16,288 - NEATTraining - INFO - Generation 182: Average Return = 18.20, Best Return = 500.00
2025-05-07 17:28:16,339 - NEATTraining - INFO - Generation 183: Average Return = 21.26, Best Return = 500.00
2025-05-07 17:28:16,390 - NEATTraining - INFO - Generation 184: Average Return = 19.02, Best Return = 500.00
2025-05-07 17:28:16,440 - NEATTraining - INFO - Generation 185: Average Return = 19.88, Best Return = 500.00
2025-05-07 17:28:16,497 - NEATTraining - INFO - Generation 186: Average Return = 18.80, Best Return = 500.00
2025-05-07 17:28:16,561 - NEATTraining - INFO - Generation 187: Average Return = 28.16, Best Return = 500.00
2025-05-07 17:28:16,620 - NEATTraining - INFO - Generation 188: Average Return = 26.54, Best Return = 500.00
2025-05-07 17:28:16,671 - NEATTraining - INFO - Generation 189: Average Return = 19.54, Best Return = 500.00
2025-05-07 17:28:16,740 - NEATTraining - INFO - Generation 190: Average Return = 28.80, Best Return = 500.00
2025-05-07 17:28:16,793 - NEATTraining - INFO - Generation 191: Average Return = 18.34, Best Return = 500.00
2025-05-07 17:28:16,851 - NEATTraining - INFO - Generation 192: Average Return = 17.96, Best Return = 500.00
2025-05-07 17:28:16,903 - NEATTraining - INFO - Generation 193: Average Return = 22.48, Best Return = 500.00
2025-05-07 17:28:16,957 - NEATTraining - INFO - Generation 194: Average Return = 20.54, Best Return = 500.00
2025-05-07 17:28:17,005 - NEATTraining - INFO - Generation 195: Average Return = 19.00, Best Return = 500.00
2025-05-07 17:28:17,055 - NEATTraining - INFO - Generation 196: Average Return = 18.52, Best Return = 500.00
2025-05-07 17:28:17,105 - NEATTraining - INFO - Generation 197: Average Return = 19.42, Best Return = 500.00
2025-05-07 17:28:17,165 - NEATTraining - INFO - Generation 198: Average Return = 19.52, Best Return = 500.00
2025-05-07 17:28:17,226 - NEATTraining - INFO - Generation 199: Average Return = 27.56, Best Return = 500.00
